This is pdfTeX, Version 3.1415926-2.3-1.40.12 (MiKTeX 2.9) (preloaded format=pdflatex 2020.4.17)  9 MAY 2020 17:32
entering extended mode
**HTY.tex
(C:\Users\cityu\Documents\GitHub\Bat-algorithms\NJIT\HTY.tex
LaTeX2e <2011/06/27>
Babel <v3.8m> and hyphenation patterns for loaded.
(C:\Users\cityu\Documents\GitHub\Bat-algorithms\NJIT\res.cls
Document Style `res' <26 Sep 89>.
Document Class: res 2000/05/19 v1.4b Resume class
(C:\personal\software\CTEX\MiKTeX\tex\latex\base\article.cls
Document Class: article 2007/10/19 v1.4h Standard LaTeX document class
(C:\personal\software\CTEX\MiKTeX\tex\latex\base\size10.clo
File: size10.clo 2007/10/19 v1.4h Standard LaTeX file (size option)
)
\c@part=\count79
\c@section=\count80
\c@subsection=\count81
\c@subsubsection=\count82
\c@paragraph=\count83
\c@subparagraph=\count84
\c@figure=\count85
\c@table=\count86
\abovecaptionskip=\skip41
\belowcaptionskip=\skip42
\bibindent=\dimen102
)
No auxiliary output files.

\tabular@text=\toks14
\tabular@head=\toks15
\tabular@tail=\toks16
\@ta=\toks17
\undefined@token=\toks18
\sectionwidth=\dimen103
\sectionskip=\skip43
\resumewidth=\dimen104
\@columnwidth=\dimen105
\c@numberofcolumns=\count87
) (C:\personal\software\CTEX\MiKTeX\tex\latex\hyperref\hyperref.sty
Package: hyperref 2012/02/06 v6.82o Hypertext links for LaTeX

(C:\personal\software\CTEX\MiKTeX\tex\generic\oberdiek\hobsub-hyperref.sty
Package: hobsub-hyperref 2011/04/23 v1.4 Bundle oberdiek, subset hyperref (HO)

(C:\personal\software\CTEX\MiKTeX\tex\generic\oberdiek\hobsub-generic.sty
Package: hobsub-generic 2011/04/23 v1.4 Bundle oberdiek, subset generic (HO)
Package: hobsub 2011/04/23 v1.4 Subsetting bundle oberdiek (HO)
Package: infwarerr 2010/04/08 v1.3 Providing info/warning/message (HO)
Package: ltxcmds 2011/04/18 v1.20 LaTeX kernel commands for general use (HO)
Package: ifluatex 2010/03/01 v1.3 Provides the ifluatex switch (HO)
Package ifluatex Info: LuaTeX not detected.
Package: ifvtex 2010/03/01 v1.5 Switches for detecting VTeX and its modes (HO)
Package ifvtex Info: VTeX not detected.
Package: intcalc 2007/09/27 v1.1 Expandable integer calculations (HO)
Package: ifpdf 2011/01/30 v2.3 Provides the ifpdf switch (HO)
Package ifpdf Info: pdfTeX in PDF mode is detected.
Package: etexcmds 2011/02/16 v1.5 Prefix for e-TeX command names (HO)
Package etexcmds Info: Could not find \expanded.
(etexcmds)             That can mean that you are not using pdfTeX 1.50 or
(etexcmds)             that some package has redefined \expanded.
(etexcmds)             In the latter case, load this package earlier.
Package: kvsetkeys 2011/04/07 v1.13 Key value parser (HO)
Package: kvdefinekeys 2011/04/07 v1.3 Defining keys (HO)
Package: pdftexcmds 2011/04/22 v0.16 Utilities of pdfTeX for LuaTeX (HO)
Package pdftexcmds Info: LuaTeX not detected.
Package pdftexcmds Info: \pdf@primitive is available.
Package pdftexcmds Info: \pdf@ifprimitive is available.
Package pdftexcmds Info: \pdfdraftmode found.
Package: pdfescape 2011/04/04 v1.12 Provides string conversions (HO)
Package: bigintcalc 2011/01/30 v1.2 Expandable big integer calculations (HO)
Package: bitset 2011/01/30 v1.1 Data type bit set (HO)
Package: uniquecounter 2011/01/30 v1.2 Provides unlimited unique counter (HO)
)
Package hobsub Info: Skipping package `hobsub' (already loaded).
Package: letltxmacro 2010/09/02 v1.4 Let assignment for LaTeX macros (HO)
Package: hopatch 2011/01/30 v1.0 Wrapper for package hooks (HO)
Package: xcolor-patch 2011/01/30 xcolor patch
Package: atveryend 2011/04/23 v1.7 Hooks at very end of document (HO)
Package: atbegshi 2011/01/30 v1.15 At begin shipout hook (HO)
Package: refcount 2010/12/01 v3.2 Data extraction from references (HO)
Package: hycolor 2011/01/30 v1.7 Color options of hyperref/bookmark (HO)
)
(C:\personal\software\CTEX\MiKTeX\tex\latex\graphics\keyval.sty
Package: keyval 1999/03/16 v1.13 key=value parser (DPC)
\KV@toks@=\toks19
)
(C:\personal\software\CTEX\MiKTeX\tex\generic\ifxetex\ifxetex.sty
Package: ifxetex 2010/09/12 v0.6 Provides ifxetex conditional
)
(C:\personal\software\CTEX\MiKTeX\tex\latex\oberdiek\kvoptions.sty
Package: kvoptions 2010/12/23 v3.10 Keyval support for LaTeX options (HO)
)
\@linkdim=\dimen106
\Hy@linkcounter=\count88
\Hy@pagecounter=\count89

(C:\personal\software\CTEX\MiKTeX\tex\latex\hyperref\pd1enc.def
File: pd1enc.def 2012/02/06 v6.82o Hyperref: PDFDocEncoding definition (HO)
)
\Hy@SavedSpaceFactor=\count90

(C:\personal\software\CTEX\MiKTeX\tex\latex\00miktex\hyperref.cfg
File: hyperref.cfg 2002/06/06 v1.2 hyperref configuration of TeXLive
)
Package hyperref Info: Hyper figures OFF on input line 4046.
Package hyperref Info: Link nesting OFF on input line 4051.
Package hyperref Info: Hyper index ON on input line 4054.
Package hyperref Info: Plain pages OFF on input line 4061.
Package hyperref Info: Backreferencing OFF on input line 4066.
Package hyperref Info: Implicit mode ON; LaTeX internals redefined.
Package hyperref Info: Bookmarks ON on input line 4284.
\c@Hy@tempcnt=\count91

(C:\personal\software\CTEX\MiKTeX\tex\latex\ltxmisc\url.sty
\Urlmuskip=\muskip10
Package: url 2006/04/12  ver 3.3  Verb mode for urls, etc.
)
LaTeX Info: Redefining \url on input line 4637.
\Fld@menulength=\count92
\Field@Width=\dimen107
\Fld@charsize=\dimen108
Package hyperref Info: Hyper figures OFF on input line 5757.
Package hyperref Info: Link nesting OFF on input line 5762.
Package hyperref Info: Hyper index ON on input line 5765.
Package hyperref Info: backreferencing OFF on input line 5772.
Package hyperref Info: Link coloring OFF on input line 5777.
Package hyperref Info: Link coloring with OCG OFF on input line 5782.
Package hyperref Info: PDF/A mode OFF on input line 5787.
LaTeX Info: Redefining \ref on input line 5827.
LaTeX Info: Redefining \pageref on input line 5831.
\Hy@abspage=\count93
\c@Item=\count94
\c@Hfootnote=\count95
)

Package hyperref Message: Driver (autodetected): hpdftex.

(C:\personal\software\CTEX\MiKTeX\tex\latex\hyperref\hpdftex.def
File: hpdftex.def 2012/02/06 v6.82o Hyperref driver for pdfTeX
\Fld@listcount=\count96
\c@bookmark@seq@number=\count97

(C:\personal\software\CTEX\MiKTeX\tex\latex\oberdiek\rerunfilecheck.sty
Package: rerunfilecheck 2011/04/15 v1.7 Rerun checks for auxiliary files (HO)
Package uniquecounter Info: New unique counter `rerunfilecheck' on input line 2
82.
)
\Hy@SectionHShift=\skip44
)
(C:\personal\software\CTEX\MiKTeX\tex\latex\graphics\color.sty
Package: color 2005/11/14 v1.0j Standard LaTeX Color (DPC)

(C:\personal\software\CTEX\MiKTeX\tex\latex\00miktex\color.cfg
File: color.cfg 2007/01/18 v1.5 color configuration of teTeX/TeXLive
)
Package color Info: Driver file: pdftex.def on input line 130.

(C:\personal\software\CTEX\MiKTeX\tex\latex\pdftex-def\pdftex.def
File: pdftex.def 2011/05/27 v0.06d Graphics/color for pdfTeX
\Gread@gobject=\count98
))
No file HTY.aux.
LaTeX Font Info:    Checking defaults for OML/cmm/m/it on input line 30.
LaTeX Font Info:    ... okay on input line 30.
LaTeX Font Info:    Checking defaults for T1/cmr/m/n on input line 30.
LaTeX Font Info:    ... okay on input line 30.
LaTeX Font Info:    Checking defaults for OT1/cmr/m/n on input line 30.
LaTeX Font Info:    ... okay on input line 30.
LaTeX Font Info:    Checking defaults for OMS/cmsy/m/n on input line 30.
LaTeX Font Info:    ... okay on input line 30.
LaTeX Font Info:    Checking defaults for OMX/cmex/m/n on input line 30.
LaTeX Font Info:    ... okay on input line 30.
LaTeX Font Info:    Checking defaults for U/cmr/m/n on input line 30.
LaTeX Font Info:    ... okay on input line 30.
LaTeX Font Info:    Checking defaults for PD1/pdf/m/n on input line 30.
LaTeX Font Info:    ... okay on input line 30.
\AtBeginShipoutBox=\box26
Package hyperref Info: Link coloring OFF on input line 30.
(C:\personal\software\CTEX\MiKTeX\tex\latex\hyperref\nameref.sty
Package: nameref 2010/04/30 v2.40 Cross-referencing by name of section

(C:\personal\software\CTEX\MiKTeX\tex\generic\oberdiek\gettitlestring.sty
Package: gettitlestring 2010/12/03 v1.4 Cleanup title references (HO)
)
\c@section@level=\count99
)
LaTeX Info: Redefining \ref on input line 30.
LaTeX Info: Redefining \pageref on input line 30.
LaTeX Info: Redefining \nameref on input line 30.

(C:\personal\software\CTEX\MiKTeX\tex\context\base\supp-pdf.mkii
[Loading MPS to PDF converter (version 2006.09.02).]
\scratchcounter=\count100
\scratchdimen=\dimen109
\scratchbox=\box27
\nofMPsegments=\count101
\nofMParguments=\count102
\everyMPshowfont=\toks20
\MPscratchCnt=\count103
\MPscratchDim=\dimen110
\MPnumerator=\count104
\makeMPintoPDFobject=\count105
\everyMPtoPDFconversion=\toks21
)
LaTeX Font Info:    External font `cmex10' loaded for size
(Font)              <7> on input line 37.
LaTeX Font Info:    External font `cmex10' loaded for size
(Font)              <5> on input line 37.

Overfull \hbox (104.72377pt too wide) in paragraph at lines 37--43
[][] 
 []

Missing character: There is no ï in font cmr10!
Missing character: There is no ‚ in font cmr10!
Missing character: There is no ² in font cmr10!
Missing character: There is no ï in font cmr10!
Missing character: There is no ‚ in font cmr10!
Missing character: There is no ² in font cmr10!
LaTeX Font Info:    Try loading font information for OMS+cmr on input line 54.
(C:\personal\software\CTEX\MiKTeX\tex\latex\base\omscmr.fd
File: omscmr.fd 1999/05/25 v2.5h Standard LaTeX font definitions
)
LaTeX Font Info:    Font shape `OMS/cmr/m/n' in size <10> not available
(Font)              Font shape `OMS/cmsy/m/n' tried instead on input line 54.
 [1

{C:/personal/software/CTEX/UserData/pdftex/config/pdftex.map{Unicode.sfd}{UGBK.
sfd}}]
Overfull \hbox (9.93626pt too wide) in paragraph at lines 141--142
\OT1/cmr/m/n/10 Da-ta Cen-ter-s, Chi-na Post-Doctoral Sci-ence Foun-da-tion, 20
16M600912, 01/2017--04/2018, \OT1/cmr/bx/n/10 50,000
 []

[2]
Overfull \hbox (7.97057pt too wide) in paragraph at lines 177--178
[]\OT1/cmr/bx/n/10 Haitao Yuan \OT1/cmr/m/n/10 and MengChu Zhou, ``Energy-effic
ient and QoS-optimized Adap-tive Task Schedul-
 []

[3]
Overfull \hbox (1.27808pt too wide) in paragraph at lines 190--191
\OT1/cmr/m/it/10 tion Sci-ence and En-gi-neer-ing\OT1/cmr/m/n/10 , vol. 13, no.
 2, p-p. 976--985, Apr. 2016. DOI:10.1109/TASE.2015
 []


Overfull \hbox (4.42834pt too wide) in paragraph at lines 196--197
\OT1/cmr/m/n/10 Cloud-s," \OT1/cmr/m/it/10 IEEE Trans-ac-tion-s on Sys-tem-s, M
an and Cy-ber-net-ic-s: Sys-tem-s\OT1/cmr/m/n/10 , p-p. 1--10, 09/14/2019,
 []

[4]
Overfull \hbox (4.0262pt too wide) in paragraph at lines 215--216
[]\OT1/cmr/bx/n/10 Haitao Yuan\OT1/cmr/m/n/10 , Jing Bi and MengChu Zhou, ``Pro
fit-Maximized Task Of-fload-ing with Simulated-
 []

[5]
Overfull \hbox (0.99835pt too wide) in paragraph at lines 221--222
[]\OT1/cmr/bx/n/10 Haitao Yuan\OT1/cmr/m/n/10 , Jing Bi and MengChu Zhou, ``Rev
enue-sensitive Schedul-ing of Multi-application
 []

[6]
Missing character: There is no â in font cmr10!
Missing character: There is no € in font cmr10!
Missing character: There is no ™ in font cmr10!
 [7] [8]
Missing character: There is no ï in font cmr10!
Missing character: There is no ‚ in font cmr10!
Missing character: There is no ² in font cmr10!
Missing character: There is no ï in font cmr10!
Missing character: There is no ‚ in font cmr10!
Missing character: There is no ² in font cmr10!
Missing character: There is no ï in font cmr10!
Missing character: There is no ‚ in font cmr10!
Missing character: There is no ² in font cmr10!
Missing character: There is no ï in font cmr10!
Missing character: There is no ‚ in font cmr10!
Missing character: There is no ² in font cmr10!
Missing character: There is no ï in font cmr10!
Missing character: There is no ‚ in font cmr10!
Missing character: There is no ² in font cmr10!
Package atveryend Info: Empty hook `BeforeClearDocument' on input line 424.
 [9]
Package atveryend Info: Empty hook `AfterLastShipout' on input line 424.
Package atveryend Info: Executing hook `AtVeryEndDocument' on input line 424.
Package atveryend Info: Empty hook `AtEndAfterFileList' on input line 424.
 ) 
Here is how much of TeX's memory you used:
 4843 strings out of 495354
 70563 string characters out of 3182851
 153871 words of memory out of 3000000
 7931 multiletter control sequences out of 15000+200000
 5200 words of font info for 19 fonts, out of 3000000 for 9000
 14 hyphenation exceptions out of 8191
 29i,8n,21p,377b,461s stack positions out of 5000i,500n,10000p,200000b,50000s
<C:/personal/software/CTEX/MiKTeX/fonts/type1/public/amsfonts/cm/cmbx10.pfb><
C:/personal/software/CTEX/MiKTeX/fonts/type1/public/amsfonts/cm/cmbx12.pfb><C:/
personal/software/CTEX/MiKTeX/fonts/type1/public/amsfonts/cm/cmcsc10.pfb><C:/pe
rsonal/software/CTEX/MiKTeX/fonts/type1/public/amsfonts/cm/cmr10.pfb><C:/person
al/software/CTEX/MiKTeX/fonts/type1/public/amsfonts/cm/cmsy10.pfb><C:/personal/
software/CTEX/MiKTeX/fonts/type1/public/amsfonts/cm/cmsy7.pfb><C:/personal/soft
ware/CTEX/MiKTeX/fonts/type1/public/amsfonts/cm/cmti10.pfb>
Output written on HTY.pdf (9 pages, 149639 bytes).
PDF statistics:
 184 PDF objects out of 1000 (max. 8388607)
 100 named destinations out of 1000 (max. 500000)
 1 words of extra memory for PDF output out of 10000 (max. 10000000)

