This is pdfTeX, Version 3.1415926-2.3-1.40.12 (MiKTeX 2.9) (preloaded format=pdflatex 2020.4.17)  4 MAY 2020 18:11
entering extended mode
**paciorek-cv.tex
(C:\Users\cityu\Dropbox\NJIT-Thesis\CV\UCB\paciorek-cv.tex
LaTeX2e <2011/06/27>
Babel <v3.8m> and hyphenation patterns for loaded.
(C:\Users\cityu\Dropbox\NJIT-Thesis\CV\UCB\res.cls
Document Style `res' <26 Sep 89>.
Document Class: res 2000/05/19 v1.4b Resume class
(C:\personal\software\CTEX\MiKTeX\tex\latex\base\article.cls
Document Class: article 2007/10/19 v1.4h Standard LaTeX document class
(C:\personal\software\CTEX\MiKTeX\tex\latex\base\size10.clo
File: size10.clo 2007/10/19 v1.4h Standard LaTeX file (size option)
)
\c@part=\count79
\c@section=\count80
\c@subsection=\count81
\c@subsubsection=\count82
\c@paragraph=\count83
\c@subparagraph=\count84
\c@figure=\count85
\c@table=\count86
\abovecaptionskip=\skip41
\belowcaptionskip=\skip42
\bibindent=\dimen102
)
No auxiliary output files.

\tabular@text=\toks14
\tabular@head=\toks15
\tabular@tail=\toks16
\@ta=\toks17
\undefined@token=\toks18
\sectionwidth=\dimen103
\sectionskip=\skip43
\resumewidth=\dimen104
\@columnwidth=\dimen105
\c@numberofcolumns=\count87
)
No file paciorek-cv.aux.
LaTeX Font Info:    Checking defaults for OML/cmm/m/it on input line 27.
LaTeX Font Info:    ... okay on input line 27.
LaTeX Font Info:    Checking defaults for T1/cmr/m/n on input line 27.
LaTeX Font Info:    ... okay on input line 27.
LaTeX Font Info:    Checking defaults for OT1/cmr/m/n on input line 27.
LaTeX Font Info:    ... okay on input line 27.
LaTeX Font Info:    Checking defaults for OMS/cmsy/m/n on input line 27.
LaTeX Font Info:    ... okay on input line 27.
LaTeX Font Info:    Checking defaults for OMX/cmex/m/n on input line 27.
LaTeX Font Info:    ... okay on input line 27.
LaTeX Font Info:    Checking defaults for U/cmr/m/n on input line 27.
LaTeX Font Info:    ... okay on input line 27.
LaTeX Font Info:    External font `cmex10' loaded for size
(Font)              <7> on input line 34.
LaTeX Font Info:    External font `cmex10' loaded for size
(Font)              <5> on input line 34.

Overfull \hbox (17.99998pt too wide) in paragraph at lines 34--40
[][] 
 []


Overfull \hbox (4.5473pt too wide) in paragraph at lines 94--97
\OT1/cmr/m/n/10 Includes cur-ren-t Ph.D. re-search, Ph.D. and Mas-ter-s lev-el 
course-work and re-search/consulting projects. 
 []

[1

{C:/personal/software/CTEX/UserData/pdftex/config/pdftex.map{Unicode.sfd}{UGBK.
sfd}}]
Underfull \hbox (badness 10000) in paragraph at lines 187--188

 []

[2] ) 
Here is how much of TeX's memory you used:
 301 strings out of 495354
 3336 string characters out of 3182851
 53434 words of memory out of 3000000
 3549 multiletter control sequences out of 15000+200000
 5368 words of font info for 20 fonts, out of 3000000 for 9000
 14 hyphenation exceptions out of 8191
 29i,9n,21p,176b,215s stack positions out of 5000i,500n,10000p,200000b,50000s
<C:/personal/software/CTEX/MiKTeX/fonts/type1/public/amsfonts/cm/cmbx10.pf
b><C:/personal/software/CTEX/MiKTeX/fonts/type1/public/amsfonts/cm/cmbx12.pfb><
C:/personal/software/CTEX/MiKTeX/fonts/type1/public/amsfonts/cm/cmcsc10.pfb><C:
/personal/software/CTEX/MiKTeX/fonts/type1/public/amsfonts/cm/cmr10.pfb><C:/per
sonal/software/CTEX/MiKTeX/fonts/type1/public/amsfonts/cm/cmr7.pfb><C:/personal
/software/CTEX/MiKTeX/fonts/type1/public/amsfonts/cm/cmsy10.pfb><C:/personal/so
ftware/CTEX/MiKTeX/fonts/type1/public/amsfonts/cm/cmti10.pfb><C:/personal/softw
are/CTEX/MiKTeX/fonts/type1/public/amsfonts/cm/cmtt10.pfb>
Output written on paciorek-cv.pdf (2 pages, 116691 bytes).
PDF statistics:
 41 PDF objects out of 1000 (max. 8388607)
 0 named destinations out of 1000 (max. 500000)
 1 words of extra memory for PDF output out of 10000 (max. 10000000)

